{"message":"connect ECONNREFUSED 127.0.0.1:27017 connect ECONNREFUSED 127.0.0.1:27017","reason":{"type":"Single","setName":null,"maxSetVersion":null,"maxElectionId":null,"servers":{},"stale":false,"compatible":true,"compatibilityError":null,"logicalSessionTimeoutMinutes":null,"heartbeatFrequencyMS":10000,"localThresholdMS":15,"commonWireVersion":9},"level":"error","stack":"MongooseServerSelectionError: connect ECONNREFUSED 127.0.0.1:27017\n    at Function.Model.$wrapCallback (C:\\Nihar\\Radixweb\\NodeJs\\Myntra\\node_modules\\mongoose\\lib\\model.js:4898:32)\n    at C:\\Nihar\\Radixweb\\NodeJs\\Myntra\\node_modules\\mongoose\\lib\\query.js:4420:21\n    at C:\\Nihar\\Radixweb\\NodeJs\\Myntra\\node_modules\\mongoose\\lib\\helpers\\promiseOrCallback.js:31:5\n    at new Promise (<anonymous>)\n    at promiseOrCallback (C:\\Nihar\\Radixweb\\NodeJs\\Myntra\\node_modules\\mongoose\\lib\\helpers\\promiseOrCallback.js:30:10)\n    at model.Query.exec (C:\\Nihar\\Radixweb\\NodeJs\\Myntra\\node_modules\\mongoose\\lib\\query.js:4419:10)\n    at model.Query.Query.then (C:\\Nihar\\Radixweb\\NodeJs\\Myntra\\node_modules\\mongoose\\lib\\query.js:4502:15)\n    at processTicksAndRejections (internal/process/task_queues.js:93:5)"}
{"message":"connect ECONNREFUSED 127.0.0.1:27017 connect ECONNREFUSED 127.0.0.1:27017","reason":{"type":"Single","setName":null,"maxSetVersion":null,"maxElectionId":null,"servers":{},"stale":false,"compatible":true,"compatibilityError":null,"logicalSessionTimeoutMinutes":null,"heartbeatFrequencyMS":10000,"localThresholdMS":15,"commonWireVersion":9},"level":"error","stack":"MongooseServerSelectionError: connect ECONNREFUSED 127.0.0.1:27017\n    at Function.Model.$wrapCallback (C:\\Nihar\\Radixweb\\NodeJs\\Myntra\\node_modules\\mongoose\\lib\\model.js:4898:32)\n    at C:\\Nihar\\Radixweb\\NodeJs\\Myntra\\node_modules\\mongoose\\lib\\query.js:4420:21\n    at C:\\Nihar\\Radixweb\\NodeJs\\Myntra\\node_modules\\mongoose\\lib\\helpers\\promiseOrCallback.js:31:5\n    at new Promise (<anonymous>)\n    at promiseOrCallback (C:\\Nihar\\Radixweb\\NodeJs\\Myntra\\node_modules\\mongoose\\lib\\helpers\\promiseOrCallback.js:30:10)\n    at model.Query.exec (C:\\Nihar\\Radixweb\\NodeJs\\Myntra\\node_modules\\mongoose\\lib\\query.js:4419:10)\n    at model.Query.Query.then (C:\\Nihar\\Radixweb\\NodeJs\\Myntra\\node_modules\\mongoose\\lib\\query.js:4502:15)\n    at processTicksAndRejections (internal/process/task_queues.js:93:5)"}
{"level":"error","message":"For testing winston-mongodb For testing winston-mongodb","stack":"Error: For testing winston-mongodb\n    at CustomerDomain.getAllCustomers (C:\\Nihar\\Radixweb\\NodeJs\\Myntra\\domain\\customer.domain.js:49:19)\n    at getAllCustomers (C:\\Nihar\\Radixweb\\NodeJs\\Myntra\\controllers\\customers\\customers.js:18:24)\n    at Layer.handle [as handle_request] (C:\\Nihar\\Radixweb\\NodeJs\\Myntra\\node_modules\\express\\lib\\router\\layer.js:95:5)\n    at next (C:\\Nihar\\Radixweb\\NodeJs\\Myntra\\node_modules\\express\\lib\\router\\route.js:137:13)\n    at module.exports (C:\\Nihar\\Radixweb\\NodeJs\\Myntra\\middleware\\seller.js:7:5)\n    at Layer.handle [as handle_request] (C:\\Nihar\\Radixweb\\NodeJs\\Myntra\\node_modules\\express\\lib\\router\\layer.js:95:5)\n    at next (C:\\Nihar\\Radixweb\\NodeJs\\Myntra\\node_modules\\express\\lib\\router\\route.js:137:13)\n    at C:\\Nihar\\Radixweb\\NodeJs\\Myntra\\middleware\\auth.js:27:13\n    at C:\\Nihar\\Radixweb\\NodeJs\\Myntra\\node_modules\\jsonwebtoken\\verify.js:223:12\n    at getSecret (C:\\Nihar\\Radixweb\\NodeJs\\Myntra\\node_modules\\jsonwebtoken\\verify.js:90:14)\n    at Object.module.exports [as verify] (C:\\Nihar\\Radixweb\\NodeJs\\Myntra\\node_modules\\jsonwebtoken\\verify.js:94:10)\n    at module.exports (C:\\Nihar\\Radixweb\\NodeJs\\Myntra\\middleware\\auth.js:13:13)\n    at Layer.handle [as handle_request] (C:\\Nihar\\Radixweb\\NodeJs\\Myntra\\node_modules\\express\\lib\\router\\layer.js:95:5)\n    at next (C:\\Nihar\\Radixweb\\NodeJs\\Myntra\\node_modules\\express\\lib\\router\\route.js:137:13)\n    at Route.dispatch (C:\\Nihar\\Radixweb\\NodeJs\\Myntra\\node_modules\\express\\lib\\router\\route.js:112:3)\n    at Layer.handle [as handle_request] (C:\\Nihar\\Radixweb\\NodeJs\\Myntra\\node_modules\\express\\lib\\router\\layer.js:95:5)"}
{"level":"error","message":"Something failed during startup. Something failed during startup.","stack":"Error: Something failed during startup.\n    at Object.<anonymous> (C:\\Nihar\\Radixweb\\NodeJs\\Myntra\\controllers\\index.js:37:7)\n    at Module._compile (internal/modules/cjs/loader.js:1063:30)\n    at Object.Module._extensions..js (internal/modules/cjs/loader.js:1092:10)\n    at Module.load (internal/modules/cjs/loader.js:928:32)\n    at Function.Module._load (internal/modules/cjs/loader.js:769:14)\n    at Module.require (internal/modules/cjs/loader.js:952:19)\n    at require (internal/modules/cjs/helpers.js:88:18)\n    at Object.<anonymous> (C:\\Nihar\\Radixweb\\NodeJs\\Myntra\\index.js:8:26)\n    at Module._compile (internal/modules/cjs/loader.js:1063:30)\n    at Object.Module._extensions..js (internal/modules/cjs/loader.js:1092:10)\n    at Module.load (internal/modules/cjs/loader.js:928:32)\n    at Function.Module._load (internal/modules/cjs/loader.js:769:14)\n    at Function.executeUserEntryPoint [as runMain] (internal/modules/run_main.js:72:12)\n    at internal/main/run_main_module.js:17:47"}
{"level":"error","message":"Something failed miserably! Something failed miserably!","stack":"Error: Something failed miserably!\n    at C:\\Nihar\\Radixweb\\NodeJs\\Myntra\\controllers\\index.js:22:12\n    at new Promise (<anonymous>)\n    at Object.<anonymous> (C:\\Nihar\\Radixweb\\NodeJs\\Myntra\\controllers\\index.js:21:11)\n    at Module._compile (internal/modules/cjs/loader.js:1063:30)\n    at Object.Module._extensions..js (internal/modules/cjs/loader.js:1092:10)\n    at Module.load (internal/modules/cjs/loader.js:928:32)\n    at Function.Module._load (internal/modules/cjs/loader.js:769:14)\n    at Module.require (internal/modules/cjs/loader.js:952:19)\n    at require (internal/modules/cjs/helpers.js:88:18)\n    at Object.<anonymous> (C:\\Nihar\\Radixweb\\NodeJs\\Myntra\\index.js:8:26)\n    at Module._compile (internal/modules/cjs/loader.js:1063:30)\n    at Object.Module._extensions..js (internal/modules/cjs/loader.js:1092:10)\n    at Module.load (internal/modules/cjs/loader.js:928:32)\n    at Function.Module._load (internal/modules/cjs/loader.js:769:14)\n    at Function.executeUserEntryPoint [as runMain] (internal/modules/run_main.js:72:12)\n    at internal/main/run_main_module.js:17:47"}
{"message":"MongoDB connected...","level":"info"}
{"message":"MongoDB connected...","level":"info"}
{"message":"MongoDB connected...","level":"info"}
{"message":"MongoDB connected...","level":"info"}
{"message":"MongoDB connected...","level":"info"}
{"message":"MongoDB connected...","level":"info"}
{"message":"MongoDB connected...","level":"info"}
{"message":"MongoDB connected...","level":"info"}
{"message":"MongoDB connected...","level":"info"}
{"message":"MongoDB connected...","level":"info"}
{"message":"MongoDB connected...","level":"info"}
{"message":"MongoDB connected...","level":"info"}
{"message":"MongoDB connected...","level":"info"}
{"message":"MongoDB connected...","level":"info"}
{"message":"MongoDB connected...","level":"info"}
{"message":"MongoDB connected...","level":"info"}
{"message":"MongoDB connected...","level":"info"}
{"message":"MongoDB connected...","level":"info"}
{"message":"MongoDB connected...","level":"info"}
{"message":"MongoDB connected...","level":"info"}
{"message":"MongoDB connected...","level":"info"}
{"message":"MongoDB connected...","level":"info"}
{"message":"MongoDB connected...","level":"info"}
{"message":"MongoDB connected...","level":"info"}
{"message":"App listening on port 3000...","level":"info"}
{"message":"MongoDB connected...","level":"info"}
{"message":"App listening on port 3000...","level":"info"}
{"message":"MongoDB connected...","level":"info"}
{"message":"App listening on port 3000...","level":"info"}
{"message":"MongoDB connected...","level":"info"}
{"message":"App listening on port 3000...","level":"info"}
{"message":"MongoDB connected...","level":"info"}
{"message":"App listening on port 3000...","level":"info"}
{"message":"MongoDB connected...","level":"info"}
{"message":"App listening on port 3000...","level":"info"}
{"message":"MongoDB connected...","level":"info"}
{"message":"App listening on port 3000...","level":"info"}
{"message":"MongoDB connected...","level":"info"}
{"message":"App listening on port 3000...","level":"info"}
{"message":"MongoDB connected...","level":"info"}
{"message":"App listening on port 3000...","level":"info"}
{"message":"MongoDB connected...","level":"info"}
